Построение начато 21.11.2013 3:37:15.
     1>Проект "F:\Development\eclipse_workspace\tensor-march\Tensor\Tensor\Tensor.vcxproj" в узле 2 (целевые объекты Build).
     1>AddCudaCompileDeps:
         C:\Program Files (x86)\Microsoft Visual Studio 11.0\VC\bin\cl.exe /E /nologo /showIncludes /TP /D__CUDACC__ /DWIN32 /D_DEBUG /D_CONSOLE /D_MBCS /I"C:\Program Files\NVIDIA GPU Computing Toolkit\CUDA\v5.5\include" /I"C:\Program Files\NVIDIA GPU Computing Toolkit\CUDA\v5.5\bin" /I"C:\Program Files\NVIDIA GPU Computing Toolkit\CUDA\v5.5\include" /I. /FIcuda_runtime.h /c F:\Development\eclipse_workspace\tensor-march\Tensor\Tensor\kernel.cu 
       CudaBuild:
         Compiling CUDA source file kernel.cu...
         cmd.exe /C "C:\Users\yaroslav.yermilov\AppData\Local\Temp\tmp6c5f4de5894a40058761f356c9610ff1.cmd"
         "C:\Program Files\NVIDIA GPU Computing Toolkit\CUDA\v5.5\bin\nvcc.exe" -gencode=arch=compute_10,code=\"sm_10,compute_10\" --use-local-env --cl-version 2012 -ccbin "C:\Program Files (x86)\Microsoft Visual Studio 11.0\VC\bin"  -I"C:\Program Files\NVIDIA GPU Computing Toolkit\CUDA\v5.5\include" -I"C:\Program Files\NVIDIA GPU Computing Toolkit\CUDA\v5.5\include"  -G   --keep-dir Debug -maxrregcount=0  --machine 32 --compile -cudart static  -g   -DWIN32 -D_DEBUG -D_CONSOLE -D_MBCS -Xcompiler "/EHsc /W3 /nologo /Od /Zi /RTC1 /MDd  " -o Debug\kernel.cu.obj "F:\Development\eclipse_workspace\tensor-march\Tensor\Tensor\kernel.cu"
         
         F:\Development\eclipse_workspace\tensor-march\Tensor\Tensor>"C:\Program Files\NVIDIA GPU Computing Toolkit\CUDA\v5.5\bin\nvcc.exe" -gencode=arch=compute_10,code=\"sm_10,compute_10\" --use-local-env --cl-version 2012 -ccbin "C:\Program Files (x86)\Microsoft Visual Studio 11.0\VC\bin"  -I"C:\Program Files\NVIDIA GPU Computing Toolkit\CUDA\v5.5\include" -I"C:\Program Files\NVIDIA GPU Computing Toolkit\CUDA\v5.5\include"  -G   --keep-dir Debug -maxrregcount=0  --machine 32 --compile -cudart static  -g   -DWIN32 -D_DEBUG -D_CONSOLE -D_MBCS -Xcompiler "/EHsc /W3 /nologo /Od /Zi /RTC1 /MDd  " -o Debug\kernel.cu.obj "F:\Development\eclipse_workspace\tensor-march\Tensor\Tensor\kernel.cu" 
     1>F:/Development/eclipse_workspace/tensor-march/Tensor/Tensor/kernel.cu(56): warning : reference is to variable "j"
     1>F:/Development/eclipse_workspace/tensor-march/Tensor/Tensor/kernel.cu(56): warning : reference is to variable "j"
     1>F:/Development/eclipse_workspace/tensor-march/Tensor/Tensor/kernel.cu(84): warning : reference is to variable "j"
     1>F:/Development/eclipse_workspace/tensor-march/Tensor/Tensor/kernel.cu(84): warning : reference is to variable "j"
     1>F:/Development/eclipse_workspace/tensor-march/Tensor/Tensor/kernel.cu(56): warning : reference is to variable "j"
     1>F:/Development/eclipse_workspace/tensor-march/Tensor/Tensor/kernel.cu(56): warning : reference is to variable "j"
     1>F:/Development/eclipse_workspace/tensor-march/Tensor/Tensor/kernel.cu(84): warning : reference is to variable "j"
     1>F:/Development/eclipse_workspace/tensor-march/Tensor/Tensor/kernel.cu(84): warning : reference is to variable "j"
     1>F:/Development/eclipse_workspace/tensor-march/Tensor/Tensor/kernel.cu(150): warning C4244: =: преобразование "int" в "float", возможна потеря данных
     1>F:/Development/eclipse_workspace/tensor-march/Tensor/Tensor/kernel.cu(151): warning C4244: =: преобразование "int" в "float", возможна потеря данных
     1>F:/Development/eclipse_workspace/tensor-march/Tensor/Tensor/kernel.cu(160): warning C4244: =: преобразование "int" в "float", возможна потеря данных
     1>F:/Development/eclipse_workspace/tensor-march/Tensor/Tensor/kernel.cu(161): warning C4244: =: преобразование "int" в "float", возможна потеря данных
     1>F:/Development/eclipse_workspace/tensor-march/Tensor/Tensor/kernel.cu(179): warning C4244: =: преобразование "int" в "float", возможна потеря данных
     1>F:/Development/eclipse_workspace/tensor-march/Tensor/Tensor/kernel.cu(180): warning C4244: =: преобразование "int" в "float", возможна потеря данных
     1>F:/Development/eclipse_workspace/tensor-march/Tensor/Tensor/kernel.cu(189): warning C4244: =: преобразование "int" в "float", возможна потеря данных
     1>F:/Development/eclipse_workspace/tensor-march/Tensor/Tensor/kernel.cu(190): warning C4244: =: преобразование "int" в "float", возможна потеря данных
     1>F:/Development/eclipse_workspace/tensor-march/Tensor/Tensor/kernel.cu(208): warning C4244: =: преобразование "int" в "float", возможна потеря данных
     1>F:/Development/eclipse_workspace/tensor-march/Tensor/Tensor/kernel.cu(209): warning C4244: =: преобразование "int" в "float", возможна потеря данных
     1>F:/Development/eclipse_workspace/tensor-march/Tensor/Tensor/kernel.cu(218): warning C4244: =: преобразование "int" в "float", возможна потеря данных
     1>F:/Development/eclipse_workspace/tensor-march/Tensor/Tensor/kernel.cu(219): warning C4244: =: преобразование "int" в "float", возможна потеря данных
       Link:
         C:\Program Files (x86)\Microsoft Visual Studio 11.0\VC\bin\link.exe /ERRORREPORT:PROMPT /OUT:"F:\Development\eclipse_workspace\tensor-march\Tensor\Debug\Tensor.exe" /INCREMENTAL /NOLOGO /LIBPATH:"C:\Program Files\NVIDIA GPU Computing Toolkit\CUDA\v5.5\lib\Win32" cudart.lib kernel32.lib user32.lib gdi32.lib winspool.lib comdlg32.lib advapi32.lib shell32.lib ole32.lib oleaut32.lib uuid.lib odbc32.lib odbccp32.lib kernel32.lib user32.lib gdi32.lib winspool.lib comdlg32.lib advapi32.lib shell32.lib ole32.lib oleaut32.lib uuid.lib odbc32.lib odbccp32.lib /MANIFEST /MANIFESTUAC:"level='asInvoker' uiAccess='false'" /manifest:embed /DEBUG /PDB:"F:\Development\eclipse_workspace\tensor-march\Tensor\Debug\Tensor.pdb" /SUBSYSTEM:CONSOLE /TLBID:1 /DYNAMICBASE /NXCOMPAT /IMPLIB:"F:\Development\eclipse_workspace\tensor-march\Tensor\Debug\Tensor.lib" /MACHINE:X86 Debug\kernel.cu.obj
         Tensor.vcxproj -> F:\Development\eclipse_workspace\tensor-march\Tensor\Debug\Tensor.exe
       PostBuildEvent:
         echo copy "C:\Program Files\NVIDIA GPU Computing Toolkit\CUDA\v5.5\bin\cudart*.dll" "F:\Development\eclipse_workspace\tensor-march\Tensor\Debug\"
         copy "C:\Program Files\NVIDIA GPU Computing Toolkit\CUDA\v5.5\bin\cudart*.dll" "F:\Development\eclipse_workspace\tensor-march\Tensor\Debug\"
         :VCEnd
         copy "C:\Program Files\NVIDIA GPU Computing Toolkit\CUDA\v5.5\bin\cudart*.dll" "F:\Development\eclipse_workspace\tensor-march\Tensor\Debug\"
         C:\Program Files\NVIDIA GPU Computing Toolkit\CUDA\v5.5\bin\cudart32_55.dll
         C:\Program Files\NVIDIA GPU Computing Toolkit\CUDA\v5.5\bin\cudart64_55.dll
         Скопировано файлов:         2.
     1>Построение проекта "F:\Development\eclipse_workspace\tensor-march\Tensor\Tensor\Tensor.vcxproj" завершено (целевые объекты Build).

Построение успешно завершено.

Затраченное время: 00:00:04.03
