F:\DEVELOPMENT\ECLIPSE_WORKSPACE\TENSOR-MARCH\TENSOR\DEBUG\TENSOR.ILK
F:\DEVELOPMENT\ECLIPSE_WORKSPACE\TENSOR-MARCH\TENSOR\DEBUG\TENSOR.EXE
F:\DEVELOPMENT\ECLIPSE_WORKSPACE\TENSOR-MARCH\TENSOR\DEBUG\TENSOR.PDB
F:\Development\eclipse_workspace\tensor-march\Tensor\Tensor\Debug\kernel.cu.cache
F:\Development\eclipse_workspace\tensor-march\Tensor\Tensor\Debug\kernel.cu.obj
F:\Development\eclipse_workspace\tensor-march\Tensor\Tensor\Debug\link-cvtres.read.1.tlog
F:\Development\eclipse_workspace\tensor-march\Tensor\Tensor\Debug\link-cvtres.write.1.tlog
F:\Development\eclipse_workspace\tensor-march\Tensor\Tensor\Debug\link-rc.read.1.tlog
F:\Development\eclipse_workspace\tensor-march\Tensor\Tensor\Debug\link-rc.write.1.tlog
F:\Development\eclipse_workspace\tensor-march\Tensor\Tensor\Debug\link.5016-cvtres.read.1.tlog
F:\Development\eclipse_workspace\tensor-march\Tensor\Tensor\Debug\link.5016-cvtres.write.1.tlog
F:\Development\eclipse_workspace\tensor-march\Tensor\Tensor\Debug\link.5016-rc.read.1.tlog
F:\Development\eclipse_workspace\tensor-march\Tensor\Tensor\Debug\link.5016-rc.write.1.tlog
F:\Development\eclipse_workspace\tensor-march\Tensor\Tensor\Debug\link.5016.read.1.tlog
F:\Development\eclipse_workspace\tensor-march\Tensor\Tensor\Debug\link.5016.write.1.tlog
F:\Development\eclipse_workspace\tensor-march\Tensor\Tensor\Debug\link.command.1.tlog
F:\Development\eclipse_workspace\tensor-march\Tensor\Tensor\Debug\link.read.1.tlog
F:\Development\eclipse_workspace\tensor-march\Tensor\Tensor\Debug\link.write.1.tlog
F:\Development\eclipse_workspace\tensor-march\Tensor\Debug\Tensor.pdb
F:\Development\eclipse_workspace\tensor-march\Tensor\Debug\Tensor.exe
F:\Development\eclipse_workspace\tensor-march\Tensor\Debug\Tensor.ilk
