Построение начато 09.11.2013 18:50:34.
     1>Проект "C:\Users\yaroslav.yermilov\documents\visual studio 2012\Projects\Tensor\Tensor\Tensor.vcxproj" в узле 2 (целевые объекты Build).
     1>AddCudaCompileDeps:
         C:\Program Files (x86)\Microsoft Visual Studio 11.0\VC\bin\cl.exe /E /nologo /showIncludes /TP /D__CUDACC__ /DWIN32 /D_DEBUG /D_CONSOLE /D_MBCS /I"C:\Program Files\NVIDIA GPU Computing Toolkit\CUDA\v5.5\include" /I"C:\Program Files\NVIDIA GPU Computing Toolkit\CUDA\v5.5\bin" /I"C:\Program Files\NVIDIA GPU Computing Toolkit\CUDA\v5.5\include" /I. /FIcuda_runtime.h /c "C:\Users\yaroslav.yermilov\documents\visual studio 2012\Projects\Tensor\Tensor\sparse_factorization.cu" 
       CudaBuild:
         Compiling CUDA source file sparse_factorization.cu...
         cmd.exe /C "C:\Users\yaroslav.yermilov\AppData\Local\Temp\tmp115e6c62e842478b8970869113ce3c36.cmd"
         "C:\Program Files\NVIDIA GPU Computing Toolkit\CUDA\v5.5\bin\nvcc.exe" -gencode=arch=compute_10,code=\"sm_10,compute_10\" --use-local-env --cl-version 2012 -ccbin "C:\Program Files (x86)\Microsoft Visual Studio 11.0\VC\bin"  -I"C:\Program Files\NVIDIA GPU Computing Toolkit\CUDA\v5.5\include" -I"C:\Program Files\NVIDIA GPU Computing Toolkit\CUDA\v5.5\include"  -G   --keep-dir Debug -maxrregcount=0  --machine 32 --compile -cudart static  -g   -DWIN32 -D_DEBUG -D_CONSOLE -D_MBCS -Xcompiler "/EHsc /W3 /nologo /Od /Zi /RTC1 /MDd  " -o Debug\sparse_factorization.cu.obj "C:\Users\yaroslav.yermilov\documents\visual studio 2012\Projects\Tensor\Tensor\sparse_factorization.cu"
         
         C:\Users\yaroslav.yermilov\documents\visual studio 2012\Projects\Tensor\Tensor>"C:\Program Files\NVIDIA GPU Computing Toolkit\CUDA\v5.5\bin\nvcc.exe" -gencode=arch=compute_10,code=\"sm_10,compute_10\" --use-local-env --cl-version 2012 -ccbin "C:\Program Files (x86)\Microsoft Visual Studio 11.0\VC\bin"  -I"C:\Program Files\NVIDIA GPU Computing Toolkit\CUDA\v5.5\include" -I"C:\Program Files\NVIDIA GPU Computing Toolkit\CUDA\v5.5\include"  -G   --keep-dir Debug -maxrregcount=0  --machine 32 --compile -cudart static  -g   -DWIN32 -D_DEBUG -D_CONSOLE -D_MBCS -Xcompiler "/EHsc /W3 /nologo /Od /Zi /RTC1 /MDd  " -o Debug\sparse_factorization.cu.obj "C:\Users\yaroslav.yermilov\documents\visual studio 2012\Projects\Tensor\Tensor\sparse_factorization.cu" 
       Link:
         C:\Program Files (x86)\Microsoft Visual Studio 11.0\VC\bin\link.exe /ERRORREPORT:PROMPT /OUT:"C:\Users\yaroslav.yermilov\documents\visual studio 2012\Projects\Tensor\Debug\Tensor.exe" /INCREMENTAL /NOLOGO /LIBPATH:"C:\Program Files\NVIDIA GPU Computing Toolkit\CUDA\v5.5\lib\Win32" cudart.lib kernel32.lib user32.lib gdi32.lib winspool.lib comdlg32.lib advapi32.lib shell32.lib ole32.lib oleaut32.lib uuid.lib odbc32.lib odbccp32.lib kernel32.lib user32.lib gdi32.lib winspool.lib comdlg32.lib advapi32.lib shell32.lib ole32.lib oleaut32.lib uuid.lib odbc32.lib odbccp32.lib /MANIFEST /MANIFESTUAC:"level='asInvoker' uiAccess='false'" /manifest:embed /DEBUG /PDB:"C:\Users\yaroslav.yermilov\documents\visual studio 2012\Projects\Tensor\Debug\Tensor.pdb" /SUBSYSTEM:CONSOLE /TLBID:1 /DYNAMICBASE /NXCOMPAT /IMPLIB:"C:\Users\yaroslav.yermilov\documents\visual studio 2012\Projects\Tensor\Debug\Tensor.lib" /MACHINE:X86 Debug\sparse_factorization.cu.obj
         Tensor.vcxproj -> C:\Users\yaroslav.yermilov\documents\visual studio 2012\Projects\Tensor\Debug\Tensor.exe
       PostBuildEvent:
         echo copy "C:\Program Files\NVIDIA GPU Computing Toolkit\CUDA\v5.5\bin\cudart*.dll" "C:\Users\yaroslav.yermilov\documents\visual studio 2012\Projects\Tensor\Debug\"
         copy "C:\Program Files\NVIDIA GPU Computing Toolkit\CUDA\v5.5\bin\cudart*.dll" "C:\Users\yaroslav.yermilov\documents\visual studio 2012\Projects\Tensor\Debug\"
         :VCEnd
         copy "C:\Program Files\NVIDIA GPU Computing Toolkit\CUDA\v5.5\bin\cudart*.dll" "C:\Users\yaroslav.yermilov\documents\visual studio 2012\Projects\Tensor\Debug\"
         C:\Program Files\NVIDIA GPU Computing Toolkit\CUDA\v5.5\bin\cudart32_55.dll
         C:\Program Files\NVIDIA GPU Computing Toolkit\CUDA\v5.5\bin\cudart64_55.dll
         Скопировано файлов:         2.
     1>Построение проекта "C:\Users\yaroslav.yermilov\documents\visual studio 2012\Projects\Tensor\Tensor\Tensor.vcxproj" завершено (целевые объекты Build).

Построение успешно завершено.

Затраченное время: 00:00:05.34
