C:\USERS\YAROSLAV.YERMILOV\DOCUMENTS\VISUAL STUDIO 2012\PROJECTS\TENSOR\DEBUG\TENSOR.ILK
C:\USERS\YAROSLAV.YERMILOV\DOCUMENTS\VISUAL STUDIO 2012\PROJECTS\TENSOR\DEBUG\TENSOR.EXE
C:\USERS\YAROSLAV.YERMILOV\DOCUMENTS\VISUAL STUDIO 2012\PROJECTS\TENSOR\DEBUG\TENSOR.PDB
C:\Users\yaroslav.yermilov\documents\visual studio 2012\Projects\Tensor\Tensor\Debug\kernel.cu.cache
C:\Users\yaroslav.yermilov\documents\visual studio 2012\Projects\Tensor\Tensor\Debug\kernel.cu.obj
C:\Users\yaroslav.yermilov\documents\visual studio 2012\Projects\Tensor\Tensor\Debug\link-cvtres.read.1.tlog
C:\Users\yaroslav.yermilov\documents\visual studio 2012\Projects\Tensor\Tensor\Debug\link-cvtres.write.1.tlog
C:\Users\yaroslav.yermilov\documents\visual studio 2012\Projects\Tensor\Tensor\Debug\link-rc.read.1.tlog
C:\Users\yaroslav.yermilov\documents\visual studio 2012\Projects\Tensor\Tensor\Debug\link-rc.write.1.tlog
C:\Users\yaroslav.yermilov\documents\visual studio 2012\Projects\Tensor\Tensor\Debug\link.3264-cvtres.read.1.tlog
C:\Users\yaroslav.yermilov\documents\visual studio 2012\Projects\Tensor\Tensor\Debug\link.3264-cvtres.write.1.tlog
C:\Users\yaroslav.yermilov\documents\visual studio 2012\Projects\Tensor\Tensor\Debug\link.3264-rc.read.1.tlog
C:\Users\yaroslav.yermilov\documents\visual studio 2012\Projects\Tensor\Tensor\Debug\link.3264-rc.write.1.tlog
C:\Users\yaroslav.yermilov\documents\visual studio 2012\Projects\Tensor\Tensor\Debug\link.3264.read.1.tlog
C:\Users\yaroslav.yermilov\documents\visual studio 2012\Projects\Tensor\Tensor\Debug\link.3264.write.1.tlog
C:\Users\yaroslav.yermilov\documents\visual studio 2012\Projects\Tensor\Tensor\Debug\link.command.1.tlog
C:\Users\yaroslav.yermilov\documents\visual studio 2012\Projects\Tensor\Tensor\Debug\link.read.1.tlog
C:\Users\yaroslav.yermilov\documents\visual studio 2012\Projects\Tensor\Tensor\Debug\link.write.1.tlog
C:\Users\yaroslav.yermilov\documents\visual studio 2012\Projects\Tensor\Debug\Tensor.pdb
C:\Users\yaroslav.yermilov\documents\visual studio 2012\Projects\Tensor\Debug\Tensor.exe
C:\Users\yaroslav.yermilov\documents\visual studio 2012\Projects\Tensor\Debug\Tensor.ilk
